TN:
SF:/Users/nicksmith/Documents/projects/gift-giver/src/tempPolyfills.js
FN:1,(anonymous_0)
FNF:1
FNH:0
FNDA:0,(anonymous_0)
DA:1,3
DA:2,0
LF:2
LH:1
BRF:0
BRH:0
end_of_record
TN:
SF:/Users/nicksmith/Documents/projects/gift-giver/src/components/App.js
FN:8,(anonymous_0)
FN:16,(anonymous_1)
FN:19,(anonymous_2)
FN:27,(anonymous_3)
FN:28,(anonymous_4)
FN:35,(anonymous_5)
FN:40,(anonymous_6)
FNF:7
FNH:6
FNDA:1,(anonymous_0)
FNDA:4,(anonymous_1)
FNDA:0,(anonymous_2)
FNDA:1,(anonymous_3)
FNDA:1,(anonymous_4)
FNDA:10,(anonymous_5)
FNDA:4,(anonymous_6)
DA:9,1
DA:11,1
DA:16,1
DA:17,4
DA:19,4
DA:20,4
DA:22,4
DA:24,4
DA:27,1
DA:28,1
DA:29,1
DA:32,1
DA:36,10
DA:41,4
LF:14
LH:14
BRF:0
BRH:0
end_of_record
TN:
SF:/Users/nicksmith/Documents/projects/gift-giver/src/components/Gift.js
FN:11,(anonymous_0)
FN:20,(anonymous_1)
FN:24,(anonymous_2)
FN:28,(anonymous_3)
FN:51,(anonymous_4)
FNF:5
FNH:5
FNDA:1,(anonymous_0)
FNDA:1,(anonymous_1)
FNDA:1,(anonymous_2)
FNDA:3,(anonymous_3)
FNDA:1,(anonymous_4)
DA:12,1
DA:14,1
DA:20,1
DA:21,1
DA:24,1
DA:25,1
DA:29,3
DA:51,1
LF:8
LH:8
BRF:0
BRH:0
end_of_record
TN:
SF:/Users/nicksmith/Documents/projects/gift-giver/src/helper/index.js
FN:1,(anonymous_0)
FNF:1
FNH:1
FNDA:6,(anonymous_0)
DA:1,2
DA:2,6
LF:2
LH:2
BRDA:2,0,0,1
BRDA:2,0,1,5
BRF:2
BRH:2
end_of_record
